Traceback (most recent call last):
  File "/home/aivise/Documents/Three_Body_Simulation/backend/app/main.py", line 71, in physics_loop
    step_simulation(global_state)
  File "/home/aivise/Documents/Three_Body_Simulation/backend/app/physics.py", line 347, in step_simulation
    merged_body = Body(
                  ^^^^
NameError: name 'Body' is not defined

Traceback (most recent call last):
  File "/home/aivise/Documents/Three_Body_Simulation/backend/app/main.py", line 71, in physics_loop
    step_simulation(global_state)
  File "/home/aivise/Documents/Three_Body_Simulation/backend/app/physics.py", line 347, in step_simulation
    merged_body = Body(
                  ^^^^
NameError: name 'Body' is not defined

Traceback (most recent call last):
  File "/home/aivise/Documents/Three_Body_Simulation/backend/app/main.py", line 71, in physics_loop
    step_simulation(global_state)
  File "/home/aivise/Documents/Three_Body_Simulation/backend/app/physics.py", line 347, in step_simulation
    merged_body = Body(
                  ^^^^
NameError: name 'Body' is not defined

Traceback (most recent call last):
  File "/home/aivise/Documents/Three_Body_Simulation/backend/app/main.py", line 71, in physics_loop
    step_simulation(global_state)
  File "/home/aivise/Documents/Three_Body_Simulation/backend/app/physics.py", line 347, in step_simulation
    merged_body = Body(
                  ^^^^
NameError: name 'Body' is not defined

